Flutter crash report.
Please report a bug at https://github.com/flutter/flutter/issues.

## command

flutter run

## exception

StateError: Bad state: No element

```
#0      Stream.first.<anonymous closure> (dart:async/stream.dart:1653:32)
<asynchronous suspension>
#1      AnsiTerminal.promptForCharInput (package:flutter_tools/src/base/terminal.dart:394:17)
<asynchronous suspension>
#2      TargetDevices._readUserInput (package:flutter_tools/src/runner/target_devices.dart:363:27)
<asynchronous suspension>
#3      TargetDevices._chooseOneOfAvailableDevices (package:flutter_tools/src/runner/target_devices.dart:346:30)
<asynchronous suspension>
#4      TargetDevices._selectFromMultipleDevices (package:flutter_tools/src/runner/target_devices.dart:316:33)
<asynchronous suspension>
#5      RunCommand.validateCommand (package:flutter_tools/src/commands/run.dart:686:15)
<asynchronous suspension>
#6      FlutterCommand.verifyThenRunCommand (package:flutter_tools/src/runner/flutter_command.dart:1952:5)
<asynchronous suspension>
#7      FlutterCommand.run.<anonymous closure> (package:flutter_tools/src/runner/flutter_command.dart:1630:27)
<asynchronous suspension>
#8      AppContext.run.<anonymous closure> (package:flutter_tools/src/base/context.dart:154:19)
<asynchronous suspension>
#9      CommandRunner.runCommand (package:args/command_runner.dart:212:13)
<asynchronous suspension>
#10     FlutterCommandRunner.runCommand.<anonymous closure> (package:flutter_tools/src/runner/flutter_command_runner.dart:496:9)
<asynchronous suspension>
#11     AppContext.run.<anonymous closure> (package:flutter_tools/src/base/context.dart:154:19)
<asynchronous suspension>
#12     FlutterCommandRunner.runCommand (package:flutter_tools/src/runner/flutter_command_runner.dart:431:5)
<asynchronous suspension>
#13     FlutterCommandRunner.run.<anonymous closure> (package:flutter_tools/src/runner/flutter_command_runner.dart:307:33)
<asynchronous suspension>
#14     run.<anonymous closure>.<anonymous closure> (package:flutter_tools/runner.dart:104:11)
<asynchronous suspension>
#15     AppContext.run.<anonymous closure> (package:flutter_tools/src/base/context.dart:154:19)
<asynchronous suspension>
#16     main (package:flutter_tools/executable.dart:103:3)
<asynchronous suspension>
```

## flutter doctor

```
[32m[✓][39m Flutter (Channel stable, 3.44.0, on Microsoft Windows [Version 10.0.26200.8655], locale en-ID) [460ms]
    [32m•[39m Flutter version 3.44.0 on channel stable at C:\tools\flutter
    [32m•[39m Upstream repository https://github.com/flutter/flutter.git
    [32m•[39m Framework revision 559ffa3f75 (4 weeks ago), 2026-05-15 14:13:13 -0700
    [32m•[39m Engine revision 4c525dac5e
    [32m•[39m Dart version 3.12.0
    [32m•[39m DevTools version 2.57.0
    [32m•[39m Feature flags: enable-web, enable-linux-desktop, enable-macos-desktop, enable-windows-desktop, enable-android, enable-ios,
      cli-animations, enable-native-assets, enable-swift-package-manager, omit-legacy-version-file, enable-lldb-debugging,
      enable-uiscene-migration

[32m[✓][39m Windows Version (11 Home Single Language 64-bit, 25H2, 2009) [1,246ms]

[32m[✓][39m Android toolchain - develop for Android devices (Android SDK version 36.1.0) [3.2s]
    [32m•[39m Android SDK at C:\Users\nalen\AppData\Local\Android\sdk
    [32m•[39m Emulator version 36.4.9.0 (build_id 14788078) (CL:N/A)
    [32m•[39m Platform android-36.1, build-tools 36.1.0
    [32m•[39m Java binary at: C:\Users\nalen\Android\Android Studio\jbr\bin\java
      This is the JDK bundled with the latest Android Studio installation on this machine.
      To manually set the JDK path, use: `flutter config --jdk-dir="path/to/jdk"`.
    [32m•[39m Java version OpenJDK Runtime Environment (build 21.0.10+-14961533-b1163.108)
    [32m•[39m All Android licenses accepted.

[32m[✓][39m Chrome - develop for the web [301ms]
    [32m•[39m Chrome at C:\Program Files\Google\Chrome\Application\chrome.exe

[32m[✓][39m Visual Studio - develop Windows apps (Visual Studio Community 2026 Insiders [11723.189]) [300ms]
    [32m•[39m Visual Studio at C:\Program Files\Microsoft Visual Studio\18\Insiders
    [32m•[39m Visual Studio Community 2026 version 18.6.11723.189
    [32m•[39m The current Visual Studio installation is a pre-release version. It may not be supported by Flutter yet.
    [32m•[39m Windows 10 SDK version 10.0.26100.0

[32m[✓][39m Connected device (3 available) [121ms]
    [32m•[39m Windows (desktop) • windows • windows-x64    • Microsoft Windows [Version 10.0.26200.8655]
    [32m•[39m Chrome (web)      • chrome  • web-javascript • Google Chrome 149.0.7827.54
    [32m•[39m Edge (web)        • edge    • web-javascript • Microsoft Edge 149.0.4022.62

[32m[✓][39m Network resources [567ms]
    [32m•[39m All expected network resources are available.

[32m•[39m No issues found!
```
